Build started 13/01/2014 6:52:42 p.m..
     1>Project "C:\temp\JRift-master\JRiftLibrary\JRiftLibrary\JRiftLibrary.vcxproj" on node 2 (build target(s)).
     1>InitializeBuildStatus:
         Creating "Debug\JRiftLibrary.unsuccessfulbuild" because "AlwaysCreate" was specified.
       ClCompile:
         All outputs are up-to-date.
       Link:
         C:\Program Files\Microsoft Visual Studio 10.0\VC\bin\link.exe /ERRORREPORT:PROMPT /OUT:"C:\temp\JRift-master\JRiftLibrary\Debug\JRiftLibrary.dll" /INCREMENTAL:NO /NOLOGO /LIBPATH:C:\temp\ovr_sdk_win_0.2.5c\OculusSDK\LibOVR\Lib\Win32 libovrd.lib Winmm.lib kernel32.lib user32.lib gdi32.lib winspool.lib comdlg32.lib advapi32.lib shell32.lib ole32.lib oleaut32.lib uuid.lib odbc32.lib odbccp32.lib /MANIFEST /ManifestFile:"Debug\JRiftLibrary.dll.intermediate.manifest" /MANIFESTUAC:"level='asInvoker' uiAccess='false'" /DEBUG /PDB:"C:\temp\JRift-master\JRiftLibrary\Debug\JRiftLibrary.pdb" /SUBSYSTEM:WINDOWS /TLBID:1 /DYNAMICBASE /NXCOMPAT /IMPLIB:"C:\temp\JRift-master\JRiftLibrary\Debug\JRiftLibrary.lib" /MACHINE:X86 /DLL Debug\JRiftLibrary.obj
         Debug\Tester.obj
     1>JRiftLibrary.obj : warning LNK4075: ignoring '/EDITANDCONTINUE' due to '/INCREMENTAL:NO' specification
            Creating library C:\temp\JRift-master\JRiftLibrary\Debug\JRiftLibrary.lib and object C:\temp\JRift-master\JRiftLibrary\Debug\JRiftLibrary.exp
         JRiftLibrary.vcxproj -> C:\temp\JRift-master\JRiftLibrary\Debug\JRiftLibrary.dll
       Manifest:
         C:\Program Files\Microsoft SDKs\Windows\v7.0A\bin\mt.exe /nologo /verbose /outputresource:"C:\temp\JRift-master\JRiftLibrary\Debug\JRiftLibrary.dll;#2" /manifest Debug\JRiftLibrary.dll.intermediate.manifest
       FinalizeBuildStatus:
         Deleting file "Debug\JRiftLibrary.unsuccessfulbuild".
         Touching "Debug\JRiftLibrary.lastbuildstate".
     1>Done Building Project "C:\temp\JRift-master\JRiftLibrary\JRiftLibrary\JRiftLibrary.vcxproj" (build target(s)).

Build succeeded.

Time Elapsed 00:00:00.40
