Build started 17/01/2014 2:50:39 a.m..
     1>Project "C:\temp\JRift-master\JRiftLibrary\JRiftLibrary\JRiftLibrary.vcxproj" on node 2 (build target(s)).
     1>InitializeBuildStatus:
         Creating "Release\JRiftLibrary.unsuccessfulbuild" because "AlwaysCreate" was specified.
       ClCompile:
         C:\Program Files\Microsoft Visual Studio 10.0\VC\bin\CL.exe /c /IC:\temp\ovr_sdk_win_0.2.5c\OculusSDK\LibOVR\Include /I"C:\Program Files\Java\jdk1.6.0_45\include" /I"C:\Program Files\Java\jdk1.6.0_45\include\win32" /Zi /nologo /W3 /WX- /O2 /Oi /Oy- /GL /D WIN32 /D NDEBUG /D _WINDOWS /D _USRDLL /D JRIFTLIBRARY_EXPORTS /D _WINDLL /D _UNICODE /D UNICODE /Gm- /EHsc /MD /GS /Gy /fp:precise /Zc:wchar_t /Zc:forScope /Fo"Release\\" /Fd"Release\vc100.pdb" /Gd /TP /analyze- /errorReport:prompt JRiftLibrary.cpp
         JRiftLibrary.cpp
       Link:
         C:\Program Files\Microsoft Visual Studio 10.0\VC\bin\link.exe /ERRORREPORT:PROMPT /OUT:"C:\temp\JRift-master\JRiftLibrary\Release\JRiftLibrary.dll" /INCREMENTAL:NO /NOLOGO /LIBPATH:C:\temp\ovr_sdk_win_0.2.5c\OculusSDK\LibOVR\Lib\Win32 libovr.lib Winmm.lib kernel32.lib user32.lib gdi32.lib winspool.lib comdlg32.lib advapi32.lib shell32.lib ole32.lib oleaut32.lib uuid.lib odbc32.lib odbccp32.lib /MANIFEST /ManifestFile:"Release\JRiftLibrary.dll.intermediate.manifest" /MANIFESTUAC:"level='asInvoker' uiAccess='false'" /DEBUG /PDB:"C:\temp\JRift-master\JRiftLibrary\Release\JRiftLibrary.pdb" /SUBSYSTEM:WINDOWS /OPT:REF /OPT:ICF /LTCG /TLBID:1 /DYNAMICBASE /NXCOMPAT /IMPLIB:"C:\temp\JRift-master\JRiftLibrary\Release\JRiftLibrary.lib" /MACHINE:X86 /DLL Release\JRiftLibrary.obj
            Creating library C:\temp\JRift-master\JRiftLibrary\Release\JRiftLibrary.lib and object C:\temp\JRift-master\JRiftLibrary\Release\JRiftLibrary.exp
         Generating code
         Finished generating code
         JRiftLibrary.vcxproj -> C:\temp\JRift-master\JRiftLibrary\Release\JRiftLibrary.dll
       Manifest:
         C:\Program Files\Microsoft SDKs\Windows\v7.0A\bin\mt.exe /nologo /verbose /outputresource:"C:\temp\JRift-master\JRiftLibrary\Release\JRiftLibrary.dll;#2" /manifest Release\JRiftLibrary.dll.intermediate.manifest
       FinalizeBuildStatus:
         Deleting file "Release\JRiftLibrary.unsuccessfulbuild".
         Touching "Release\JRiftLibrary.lastbuildstate".
     1>Done Building Project "C:\temp\JRift-master\JRiftLibrary\JRiftLibrary\JRiftLibrary.vcxproj" (build target(s)).

Build succeeded.

Time Elapsed 00:00:01.88
